<?xml version="1.0" encoding="UTF-8"?>
<coverage generated="1739645317941" clover="3.2.0">
  <project timestamp="1739645317941" name="All files">
    <metrics statements="165" coveredstatements="115" conditionals="61" coveredconditionals="24" methods="43" coveredmethods="38" elements="269" coveredelements="177" complexity="0" loc="165" ncloc="165" packages="2" files="10" classes="10"/>
    <package name="src">
      <metrics statements="74" coveredstatements="32" conditionals="36" coveredconditionals="7" methods="11" coveredmethods="7"/>
      <file name="App.jsx" path="C:\Users\SherlacAlex\Documents\react\meet-app\src\App.jsx">
        <metrics statements="19" coveredstatements="18" conditionals="10" coveredconditionals="6" methods="4" coveredmethods="4"/>
        <line num="11" count="63" type="stmt"/>
        <line num="12" count="59" type="stmt"/>
        <line num="13" count="59" type="stmt"/>
        <line num="14" count="59" type="stmt"/>
        <line num="15" count="59" type="stmt"/>
        <line num="16" count="59" type="stmt"/>
        <line num="17" count="59" type="stmt"/>
        <line num="19" count="59" type="stmt"/>
        <line num="20" count="28" type="cond" truecount="1" falsecount="1"/>
        <line num="21" count="0" type="stmt"/>
        <line num="23" count="28" type="stmt"/>
        <line num="25" count="28" type="stmt"/>
        <line num="28" count="59" type="stmt"/>
        <line num="29" count="28" type="stmt"/>
        <line num="30" count="28" type="cond" truecount="2" falsecount="0"/>
        <line num="32" count="70" type="stmt"/>
        <line num="33" count="28" type="stmt"/>
        <line num="34" count="28" type="stmt"/>
        <line num="38" count="59" type="stmt"/>
      </file>
      <file name="api.js" path="C:\Users\SherlacAlex\Documents\react\meet-app\src\api.js">
        <metrics statements="54" coveredstatements="13" conditionals="26" coveredconditionals="1" methods="7" coveredmethods="3"/>
        <line num="13" count="8" type="stmt"/>
        <line num="14" count="1085" type="stmt"/>
        <line num="15" count="31" type="stmt"/>
        <line num="16" count="31" type="stmt"/>
        <line num="19" count="8" type="stmt"/>
        <line num="21" count="0" type="cond" truecount="0" falsecount="4"/>
        <line num="22" count="0" type="stmt"/>
        <line num="27" count="0" type="stmt"/>
        <line num="29" count="0" type="stmt"/>
        <line num="30" count="0" type="stmt"/>
        <line num="34" count="8" type="stmt"/>
        <line num="35" count="0" type="stmt"/>
        <line num="36" count="0" type="stmt"/>
        <line num="39" count="0" type="stmt"/>
        <line num="40" count="0" type="cond" truecount="0" falsecount="2"/>
        <line num="43" count="0" type="stmt"/>
        <line num="50" count="8" type="stmt"/>
        <line num="51" count="48" type="stmt"/>
        <line num="52" count="48" type="cond" truecount="1" falsecount="1"/>
        <line num="53" count="48" type="stmt"/>
        <line num="54" count="48" type="stmt"/>
        <line num="57" count="0" type="cond" truecount="0" falsecount="2"/>
        <line num="58" count="0" type="stmt"/>
        <line num="59" count="0" type="stmt"/>
        <line num="60" count="0" type="cond" truecount="0" falsecount="2"/>
        <line num="63" count="0" type="stmt"/>
        <line num="66" count="0" type="cond" truecount="0" falsecount="2"/>
        <line num="67" count="0" type="stmt"/>
        <line num="68" count="0" type="stmt"/>
        <line num="69" count="0" type="stmt"/>
        <line num="70" count="0" type="stmt"/>
        <line num="71" count="0" type="cond" truecount="0" falsecount="2"/>
        <line num="72" count="0" type="stmt"/>
        <line num="73" count="0" type="stmt"/>
        <line num="74" count="0" type="stmt"/>
        <line num="75" count="0" type="stmt"/>
        <line num="79" count="8" type="stmt"/>
        <line num="80" count="0" type="stmt"/>
        <line num="83" count="0" type="stmt"/>
        <line num="84" count="0" type="stmt"/>
        <line num="87" count="8" type="stmt"/>
        <line num="88" count="0" type="stmt"/>
        <line num="89" count="0" type="cond" truecount="0" falsecount="2"/>
        <line num="92" count="0" type="cond" truecount="0" falsecount="4"/>
        <line num="93" count="0" type="stmt"/>
        <line num="94" count="0" type="stmt"/>
        <line num="95" count="0" type="stmt"/>
        <line num="96" count="0" type="cond" truecount="0" falsecount="2"/>
        <line num="97" count="0" type="stmt"/>
        <line num="100" count="0" type="stmt"/>
        <line num="101" count="0" type="stmt"/>
        <line num="102" count="0" type="stmt"/>
        <line num="104" count="0" type="cond" truecount="0" falsecount="2"/>
        <line num="106" count="0" type="stmt"/>
      </file>
      <file name="mock-data.js" path="C:\Users\SherlacAlex\Documents\react\meet-app\src\mock-data.js">
        <metrics statements="1" coveredstatements="1" conditionals="0" coveredconditionals="0" methods="0" coveredmethods="0"/>
        <line num="3" count="8" type="stmt"/>
      </file>
    </package>
    <package name="src.components">
      <metrics statements="91" coveredstatements="83" conditionals="25" coveredconditionals="17" methods="32" coveredmethods="31"/>
      <file name="Alert.jsx" path="C:\Users\SherlacAlex\Documents\react\meet-app\src\components\Alert.jsx">
        <metrics statements="15" coveredstatements="15" conditionals="0" coveredconditionals="0" methods="6" coveredmethods="6"/>
        <line num="6" count="3" type="stmt"/>
        <line num="7" count="3" type="stmt"/>
        <line num="8" count="3" type="stmt"/>
        <line num="12" count="3" type="stmt"/>
        <line num="13" count="3" type="stmt"/>
        <line num="30" count="3" type="stmt"/>
        <line num="40" count="1" type="stmt"/>
        <line num="41" count="1" type="stmt"/>
        <line num="42" count="1" type="stmt"/>
        <line num="48" count="1" type="stmt"/>
        <line num="49" count="1" type="stmt"/>
        <line num="50" count="1" type="stmt"/>
        <line num="56" count="1" type="stmt"/>
        <line num="57" count="1" type="stmt"/>
        <line num="58" count="1" type="stmt"/>
      </file>
      <file name="CityEventsChart.jsx" path="C:\Users\SherlacAlex\Documents\react\meet-app\src\components\CityEventsChart.jsx">
        <metrics statements="11" coveredstatements="11" conditionals="0" coveredconditionals="0" methods="5" coveredmethods="5"/>
        <line num="12" count="7" type="stmt"/>
        <line num="13" count="90" type="stmt"/>
        <line num="14" count="90" type="stmt"/>
        <line num="15" count="40" type="stmt"/>
        <line num="17" count="90" type="stmt"/>
        <line num="18" count="40" type="stmt"/>
        <line num="19" count="886" type="stmt"/>
        <line num="20" count="44" type="stmt"/>
        <line num="21" count="44" type="stmt"/>
        <line num="23" count="40" type="stmt"/>
        <line num="25" count="90" type="stmt"/>
      </file>
      <file name="CitySearch.jsx" path="C:\Users\SherlacAlex\Documents\react\meet-app\src\components\CitySearch.jsx">
        <metrics statements="25" coveredstatements="24" conditionals="6" coveredconditionals="4" methods="7" coveredmethods="7"/>
        <line num="4" count="7" type="stmt"/>
        <line num="5" count="132" type="stmt"/>
        <line num="6" count="132" type="stmt"/>
        <line num="7" count="132" type="stmt"/>
        <line num="9" count="132" type="stmt"/>
        <line num="10" count="37" type="stmt"/>
        <line num="13" count="132" type="stmt"/>
        <line num="14" count="30" type="stmt"/>
        <line num="15" count="30" type="cond" truecount="1" falsecount="1"/>
        <line num="16" count="60" type="stmt"/>
        <line num="20" count="30" type="stmt"/>
        <line num="21" count="30" type="stmt"/>
        <line num="24" count="30" type="cond" truecount="1" falsecount="1"/>
        <line num="25" count="0" type="stmt"/>
        <line num="27" count="30" type="stmt"/>
        <line num="29" count="30" type="stmt"/>
        <line num="32" count="132" type="stmt"/>
        <line num="33" count="3" type="stmt"/>
        <line num="34" count="3" type="stmt"/>
        <line num="35" count="3" type="stmt"/>
        <line num="36" count="3" type="stmt"/>
        <line num="37" count="3" type="stmt"/>
        <line num="40" count="132" type="stmt"/>
        <line num="47" count="7" type="stmt"/>
        <line num="53" count="42" type="stmt"/>
      </file>
      <file name="Event.jsx" path="C:\Users\SherlacAlex\Documents\react\meet-app\src\components\Event.jsx">
        <metrics statements="6" coveredstatements="6" conditionals="4" coveredconditionals="4" methods="2" coveredmethods="2"/>
        <line num="4" count="8" type="stmt"/>
        <line num="5" count="661" type="stmt"/>
        <line num="6" count="661" type="stmt"/>
        <line num="7" count="661" type="stmt"/>
        <line num="9" count="661" type="stmt"/>
        <line num="15" count="4" type="stmt"/>
      </file>
      <file name="EventGenresChart.jsx" path="C:\Users\SherlacAlex\Documents\react\meet-app\src\components\EventGenresChart.jsx">
        <metrics statements="19" coveredstatements="14" conditionals="4" coveredconditionals="0" methods="7" coveredmethods="6"/>
        <line num="3" count="7" type="stmt"/>
        <line num="4" count="90" type="stmt"/>
        <line num="5" count="90" type="stmt"/>
        <line num="6" count="90" type="stmt"/>
        <line num="8" count="90" type="stmt"/>
        <line num="9" count="40" type="stmt"/>
        <line num="12" count="90" type="stmt"/>
        <line num="13" count="40" type="stmt"/>
        <line num="14" count="2215" type="stmt"/>
        <line num="15" count="200" type="stmt"/>
        <line num="17" count="40" type="stmt"/>
        <line num="20" count="90" type="stmt"/>
        <line num="21" count="0" type="stmt"/>
        <line num="22" count="0" type="stmt"/>
        <line num="23" count="0" type="stmt"/>
        <line num="24" count="0" type="stmt"/>
        <line num="25" count="0" type="cond" truecount="0" falsecount="2"/>
        <line num="38" count="90" type="stmt"/>
        <line num="50" count="360" type="stmt"/>
      </file>
      <file name="EventList.jsx" path="C:\Users\SherlacAlex\Documents\react\meet-app\src\components\EventList.jsx">
        <metrics statements="3" coveredstatements="3" conditionals="2" coveredconditionals="2" methods="2" coveredmethods="2"/>
        <line num="4" count="7" type="stmt"/>
        <line num="5" count="58" type="stmt"/>
        <line num="7" count="647" type="cond" truecount="2" falsecount="0"/>
      </file>
      <file name="NumberOfEvents.jsx" path="C:\Users\SherlacAlex\Documents\react\meet-app\src\components\NumberOfEvents.jsx">
        <metrics statements="12" coveredstatements="10" conditionals="9" coveredconditionals="7" methods="3" coveredmethods="3"/>
        <line num="2" count="7" type="stmt"/>
        <line num="3" count="53" type="stmt"/>
        <line num="5" count="53" type="stmt"/>
        <line num="6" count="8" type="stmt"/>
        <line num="7" count="8" type="cond" truecount="4" falsecount="1"/>
        <line num="8" count="0" type="stmt"/>
        <line num="9" count="0" type="stmt"/>
        <line num="11" count="8" type="stmt"/>
        <line num="12" count="8" type="stmt"/>
        <line num="13" count="8" type="stmt"/>
        <line num="17" count="53" type="stmt"/>
        <line num="26" count="8" type="stmt"/>
      </file>
    </package>
  </project>
</coverage>
