<?xml version="1.0" encoding="UTF-8"?>
<coverage generated="1739471239559" clover="3.2.0">
  <project timestamp="1739471239559" name="All files">
    <metrics statements="52" coveredstatements="52" conditionals="12" coveredconditionals="11" methods="20" coveredmethods="20" elements="84" coveredelements="83" complexity="0" loc="52" ncloc="52" packages="2" files="7" classes="7"/>
    <package name="src">
      <metrics statements="20" coveredstatements="20" conditionals="2" coveredconditionals="2" methods="7" coveredmethods="7"/>
      <file name="App.jsx" path="C:\Users\SherlacAlex\Documents\react\meet-app\src\App.jsx">
        <metrics statements="13" coveredstatements="13" conditionals="2" coveredconditionals="2" methods="4" coveredmethods="4"/>
        <line num="8" count="20" type="stmt"/>
        <line num="9" count="19" type="stmt"/>
        <line num="10" count="19" type="stmt"/>
        <line num="11" count="19" type="stmt"/>
        <line num="13" count="19" type="stmt"/>
        <line num="14" count="10" type="stmt"/>
        <line num="17" count="19" type="stmt"/>
        <line num="18" count="10" type="stmt"/>
        <line num="19" count="10" type="cond" truecount="2" falsecount="0"/>
        <line num="21" count="35" type="stmt"/>
        <line num="22" count="10" type="stmt"/>
        <line num="23" count="10" type="stmt"/>
        <line num="27" count="19" type="stmt"/>
      </file>
      <file name="api.js" path="C:\Users\SherlacAlex\Documents\react\meet-app\src\api.js">
        <metrics statements="6" coveredstatements="6" conditionals="0" coveredconditionals="0" methods="3" coveredmethods="3"/>
        <line num="12" count="5" type="stmt"/>
        <line num="13" count="455" type="stmt"/>
        <line num="14" count="13" type="stmt"/>
        <line num="15" count="13" type="stmt"/>
        <line num="23" count="5" type="stmt"/>
        <line num="24" count="27" type="stmt"/>
      </file>
      <file name="mock-data.js" path="C:\Users\SherlacAlex\Documents\react\meet-app\src\mock-data.js">
        <metrics statements="1" coveredstatements="1" conditionals="0" coveredconditionals="0" methods="0" coveredmethods="0"/>
        <line num="3" count="5" type="stmt"/>
      </file>
    </package>
    <package name="src.components">
      <metrics statements="32" coveredstatements="32" conditionals="10" coveredconditionals="9" methods="13" coveredmethods="13"/>
      <file name="CitySearch.jsx" path="C:\Users\SherlacAlex\Documents\react\meet-app\src\components\CitySearch.jsx">
        <metrics statements="20" coveredstatements="20" conditionals="4" coveredconditionals="3" methods="7" coveredmethods="7"/>
        <line num="4" count="4" type="stmt"/>
        <line num="5" count="70" type="stmt"/>
        <line num="6" count="70" type="stmt"/>
        <line num="7" count="70" type="stmt"/>
        <line num="9" count="70" type="stmt"/>
        <line num="10" count="20" type="stmt"/>
        <line num="13" count="70" type="stmt"/>
        <line num="14" count="18" type="stmt"/>
        <line num="15" count="18" type="cond" truecount="1" falsecount="1"/>
        <line num="16" count="36" type="stmt"/>
        <line num="20" count="18" type="stmt"/>
        <line num="21" count="18" type="stmt"/>
        <line num="24" count="70" type="stmt"/>
        <line num="25" count="2" type="stmt"/>
        <line num="26" count="2" type="stmt"/>
        <line num="27" count="2" type="stmt"/>
        <line num="28" count="2" type="stmt"/>
        <line num="31" count="70" type="stmt"/>
        <line num="38" count="5" type="stmt"/>
        <line num="44" count="26" type="stmt"/>
      </file>
      <file name="Event.jsx" path="C:\Users\SherlacAlex\Documents\react\meet-app\src\components\Event.jsx">
        <metrics statements="6" coveredstatements="6" conditionals="4" coveredconditionals="4" methods="2" coveredmethods="2"/>
        <line num="2" count="5" type="stmt"/>
        <line num="3" count="385" type="stmt"/>
        <line num="4" count="385" type="stmt"/>
        <line num="5" count="385" type="stmt"/>
        <line num="7" count="385" type="stmt"/>
        <line num="13" count="3" type="stmt"/>
      </file>
      <file name="EventList.jsx" path="C:\Users\SherlacAlex\Documents\react\meet-app\src\components\EventList.jsx">
        <metrics statements="3" coveredstatements="3" conditionals="2" coveredconditionals="2" methods="2" coveredmethods="2"/>
        <line num="4" count="4" type="stmt"/>
        <line num="5" count="27" type="stmt"/>
        <line num="7" count="374" type="cond" truecount="2" falsecount="0"/>
      </file>
      <file name="NumberOfEvents.jsx" path="C:\Users\SherlacAlex\Documents\react\meet-app\src\components\NumberOfEvents.jsx">
        <metrics statements="3" coveredstatements="3" conditionals="0" coveredconditionals="0" methods="2" coveredmethods="2"/>
        <line num="2" count="4" type="stmt"/>
        <line num="3" count="22" type="stmt"/>
        <line num="12" count="4" type="stmt"/>
      </file>
    </package>
  </project>
</coverage>
