{"C:\\Users\\SherlacAlex\\Documents\\react\\meet-app\\src\\App.jsx": {"path":"C:\\Users\\SherlacAlex\\Documents\\react\\meet-app\\src\\App.jsx","statementMap":{"0":{"start":{"line":8,"column":42},"end":{"line":8,"column":54}},"1":{"start":{"line":9,"column":30},"end":{"line":9,"column":42}},"2":{"start":{"line":10,"column":46},"end":{"line":10,"column":58}},"3":{"start":{"line":11,"column":40},"end":{"line":11,"column":66}},"4":{"start":{"line":13,"column":2},"end":{"line":15,"column":20}},"5":{"start":{"line":14,"column":4},"end":{"line":14,"column":16}},"6":{"start":{"line":17,"column":20},"end":{"line":25,"column":3}},"7":{"start":{"line":18,"column":22},"end":{"line":18,"column":39}},"8":{"start":{"line":19,"column":27},"end":{"line":21,"column":62}},"9":{"start":{"line":21,"column":31},"end":{"line":21,"column":61}},"10":{"start":{"line":22,"column":4},"end":{"line":22,"column":55}},"11":{"start":{"line":23,"column":4},"end":{"line":23,"column":49}},"12":{"start":{"line":27,"column":2},"end":{"line":33,"column":4}}},"fnMap":{"0":{"name":"App","decl":{"start":{"line":7,"column":9},"end":{"line":7,"column":12}},"loc":{"start":{"line":7,"column":15},"end":{"line":34,"column":1}},"line":7},"1":{"name":"(anonymous_1)","decl":{"start":{"line":13,"column":12},"end":{"line":13,"column":13}},"loc":{"start":{"line":13,"column":18},"end":{"line":15,"column":3}},"line":13},"2":{"name":"(anonymous_2)","decl":{"start":{"line":17,"column":20},"end":{"line":17,"column":21}},"loc":{"start":{"line":17,"column":32},"end":{"line":25,"column":3}},"line":17},"3":{"name":"(anonymous_3)","decl":{"start":{"line":21,"column":22},"end":{"line":21,"column":23}},"loc":{"start":{"line":21,"column":31},"end":{"line":21,"column":61}},"line":21}},"branchMap":{"0":{"loc":{"start":{"line":19,"column":27},"end":{"line":21,"column":62}},"type":"cond-expr","locations":[{"start":{"line":20,"column":5},"end":{"line":20,"column":14}},{"start":{"line":21,"column":5},"end":{"line":21,"column":62}}],"line":19}},"s":{"0":20,"1":19,"2":19,"3":19,"4":19,"5":10,"6":19,"7":10,"8":10,"9":35,"10":10,"11":10,"12":19},"f":{"0":20,"1":10,"2":10,"3":35},"b":{"0":[9,1]},"_coverageSchema":"1a1c01bbd47fc00a2c39e90264f33305004495a9","hash":"c144ae5dc3268ff7f6f3a32de1aae0cc031010a0"}
,"C:\\Users\\SherlacAlex\\Documents\\react\\meet-app\\src\\api.js": {"path":"C:\\Users\\SherlacAlex\\Documents\\react\\meet-app\\src\\api.js","statementMap":{"0":{"start":{"line":12,"column":32},"end":{"line":16,"column":1}},"1":{"start":{"line":13,"column":29},"end":{"line":13,"column":66}},"2":{"start":{"line":13,"column":51},"end":{"line":13,"column":65}},"3":{"start":{"line":14,"column":20},"end":{"line":14,"column":52}},"4":{"start":{"line":15,"column":2},"end":{"line":15,"column":19}},"5":{"start":{"line":23,"column":25},"end":{"line":25,"column":1}},"6":{"start":{"line":24,"column":2},"end":{"line":24,"column":18}}},"fnMap":{"0":{"name":"(anonymous_0)","decl":{"start":{"line":12,"column":32},"end":{"line":12,"column":33}},"loc":{"start":{"line":12,"column":44},"end":{"line":16,"column":1}},"line":12},"1":{"name":"(anonymous_1)","decl":{"start":{"line":13,"column":40},"end":{"line":13,"column":41}},"loc":{"start":{"line":13,"column":51},"end":{"line":13,"column":65}},"line":13},"2":{"name":"(anonymous_2)","decl":{"start":{"line":23,"column":25},"end":{"line":23,"column":26}},"loc":{"start":{"line":23,"column":37},"end":{"line":25,"column":1}},"line":23}},"branchMap":{},"s":{"0":5,"1":13,"2":455,"3":13,"4":13,"5":5,"6":27},"f":{"0":13,"1":455,"2":27},"b":{},"_coverageSchema":"1a1c01bbd47fc00a2c39e90264f33305004495a9","hash":"cc3f3abc7ebba66684aaefc1a87eed45fd993070"}
,"C:\\Users\\SherlacAlex\\Documents\\react\\meet-app\\src\\mock-data.js": {"path":"C:\\Users\\SherlacAlex\\Documents\\react\\meet-app\\src\\mock-data.js","statementMap":{"0":{"start":{"line":3,"column":17},"end":{"line":1369,"column":4}}},"fnMap":{},"branchMap":{},"s":{"0":5},"f":{},"b":{},"_coverageSchema":"1a1c01bbd47fc00a2c39e90264f33305004495a9","hash":"6194398f40de14835434e74660a7d435771718d4"}
,"C:\\Users\\SherlacAlex\\Documents\\react\\meet-app\\src\\components\\CitySearch.jsx": {"path":"C:\\Users\\SherlacAlex\\Documents\\react\\meet-app\\src\\components\\CitySearch.jsx","statementMap":{"0":{"start":{"line":4,"column":19},"end":{"line":54,"column":1}},"1":{"start":{"line":5,"column":48},"end":{"line":5,"column":63}},"2":{"start":{"line":6,"column":28},"end":{"line":6,"column":40}},"3":{"start":{"line":7,"column":40},"end":{"line":7,"column":52}},"4":{"start":{"line":9,"column":2},"end":{"line":11,"column":26}},"5":{"start":{"line":10,"column":4},"end":{"line":10,"column":33}},"6":{"start":{"line":13,"column":29},"end":{"line":22,"column":3}},"7":{"start":{"line":14,"column":18},"end":{"line":14,"column":36}},"8":{"start":{"line":15,"column":30},"end":{"line":17,"column":11}},"9":{"start":{"line":16,"column":6},"end":{"line":16,"column":70}},"10":{"start":{"line":20,"column":4},"end":{"line":20,"column":20}},"11":{"start":{"line":21,"column":4},"end":{"line":21,"column":38}},"12":{"start":{"line":24,"column":28},"end":{"line":29,"column":3}},"13":{"start":{"line":25,"column":18},"end":{"line":25,"column":42}},"14":{"start":{"line":26,"column":4},"end":{"line":26,"column":20}},"15":{"start":{"line":27,"column":4},"end":{"line":27,"column":30}},"16":{"start":{"line":28,"column":4},"end":{"line":28,"column":26}},"17":{"start":{"line":31,"column":2},"end":{"line":53,"column":2}},"18":{"start":{"line":38,"column":23},"end":{"line":38,"column":47}},"19":{"start":{"line":44,"column":12},"end":{"line":44,"column":85}}},"fnMap":{"0":{"name":"(anonymous_0)","decl":{"start":{"line":4,"column":19},"end":{"line":4,"column":20}},"loc":{"start":{"line":4,"column":58},"end":{"line":54,"column":1}},"line":4},"1":{"name":"(anonymous_1)","decl":{"start":{"line":9,"column":12},"end":{"line":9,"column":13}},"loc":{"start":{"line":9,"column":18},"end":{"line":11,"column":3}},"line":9},"2":{"name":"(anonymous_2)","decl":{"start":{"line":13,"column":29},"end":{"line":13,"column":30}},"loc":{"start":{"line":13,"column":40},"end":{"line":22,"column":3}},"line":13},"3":{"name":"(anonymous_3)","decl":{"start":{"line":15,"column":65},"end":{"line":15,"column":66}},"loc":{"start":{"line":15,"column":79},"end":{"line":17,"column":5}},"line":15},"4":{"name":"(anonymous_4)","decl":{"start":{"line":24,"column":28},"end":{"line":24,"column":29}},"loc":{"start":{"line":24,"column":39},"end":{"line":29,"column":3}},"line":24},"5":{"name":"(anonymous_5)","decl":{"start":{"line":38,"column":17},"end":{"line":38,"column":18}},"loc":{"start":{"line":38,"column":23},"end":{"line":38,"column":47}},"line":38},"6":{"name":"(anonymous_6)","decl":{"start":{"line":43,"column":27},"end":{"line":43,"column":28}},"loc":{"start":{"line":43,"column":43},"end":{"line":45,"column":11}},"line":43}},"branchMap":{"0":{"loc":{"start":{"line":15,"column":30},"end":{"line":17,"column":11}},"type":"cond-expr","locations":[{"start":{"line":15,"column":45},"end":{"line":17,"column":6}},{"start":{"line":17,"column":9},"end":{"line":17,"column":11}}],"line":15},"1":{"loc":{"start":{"line":41,"column":7},"end":{"line":50,"column":14}},"type":"cond-expr","locations":[{"start":{"line":42,"column":8},"end":{"line":49,"column":13}},{"start":{"line":50,"column":10},"end":{"line":50,"column":14}}],"line":41}},"s":{"0":4,"1":70,"2":70,"3":70,"4":70,"5":20,"6":70,"7":18,"8":18,"9":36,"10":18,"11":18,"12":70,"13":2,"14":2,"15":2,"16":2,"17":70,"18":5,"19":26},"f":{"0":70,"1":20,"2":18,"3":36,"4":2,"5":5,"6":26},"b":{"0":[18,0],"1":[24,46]},"_coverageSchema":"1a1c01bbd47fc00a2c39e90264f33305004495a9","hash":"b73a1062d6e6c12fe4c6bbac0d95d03edc226ba8"}
,"C:\\Users\\SherlacAlex\\Documents\\react\\meet-app\\src\\components\\Event.jsx": {"path":"C:\\Users\\SherlacAlex\\Documents\\react\\meet-app\\src\\components\\Event.jsx","statementMap":{"0":{"start":{"line":2,"column":14},"end":{"line":19,"column":1}},"1":{"start":{"line":3,"column":42},"end":{"line":3,"column":57}},"2":{"start":{"line":4,"column":63},"end":{"line":4,"column":68}},"3":{"start":{"line":5,"column":25},"end":{"line":5,"column":30}},"4":{"start":{"line":7,"column":4},"end":{"line":18,"column":6}},"5":{"start":{"line":13,"column":49},"end":{"line":13,"column":77}}},"fnMap":{"0":{"name":"(anonymous_0)","decl":{"start":{"line":2,"column":14},"end":{"line":2,"column":15}},"loc":{"start":{"line":2,"column":29},"end":{"line":19,"column":1}},"line":2},"1":{"name":"(anonymous_1)","decl":{"start":{"line":13,"column":43},"end":{"line":13,"column":44}},"loc":{"start":{"line":13,"column":49},"end":{"line":13,"column":77}},"line":13}},"branchMap":{"0":{"loc":{"start":{"line":14,"column":13},"end":{"line":14,"column":58}},"type":"cond-expr","locations":[{"start":{"line":14,"column":27},"end":{"line":14,"column":41}},{"start":{"line":14,"column":44},"end":{"line":14,"column":58}}],"line":14},"1":{"loc":{"start":{"line":16,"column":9},"end":{"line":16,"column":99}},"type":"binary-expr","locations":[{"start":{"line":16,"column":9},"end":{"line":16,"column":20}},{"start":{"line":16,"column":24},"end":{"line":16,"column":99}}],"line":16}},"s":{"0":5,"1":385,"2":385,"3":385,"4":385,"5":3},"f":{"0":385,"1":3},"b":{"0":[2,383],"1":[385,2]},"_coverageSchema":"1a1c01bbd47fc00a2c39e90264f33305004495a9","hash":"fc8681cfb88509f20f6779027aa0a493a95bc3e7"}
,"C:\\Users\\SherlacAlex\\Documents\\react\\meet-app\\src\\components\\EventList.jsx": {"path":"C:\\Users\\SherlacAlex\\Documents\\react\\meet-app\\src\\components\\EventList.jsx","statementMap":{"0":{"start":{"line":4,"column":18},"end":{"line":10,"column":1}},"1":{"start":{"line":5,"column":2},"end":{"line":9,"column":4}},"2":{"start":{"line":7,"column":38},"end":{"line":7,"column":76}}},"fnMap":{"0":{"name":"(anonymous_0)","decl":{"start":{"line":4,"column":18},"end":{"line":4,"column":19}},"loc":{"start":{"line":4,"column":35},"end":{"line":10,"column":1}},"line":4},"1":{"name":"(anonymous_1)","decl":{"start":{"line":7,"column":29},"end":{"line":7,"column":30}},"loc":{"start":{"line":7,"column":38},"end":{"line":7,"column":76}},"line":7}},"branchMap":{"0":{"loc":{"start":{"line":7,"column":9},"end":{"line":7,"column":84}},"type":"cond-expr","locations":[{"start":{"line":7,"column":18},"end":{"line":7,"column":77}},{"start":{"line":7,"column":80},"end":{"line":7,"column":84}}],"line":7}},"s":{"0":4,"1":27,"2":374},"f":{"0":27,"1":374},"b":{"0":[22,5]},"_coverageSchema":"1a1c01bbd47fc00a2c39e90264f33305004495a9","hash":"9250b3a45e0e5ac733fa0e9898efffc9305d8deb"}
,"C:\\Users\\SherlacAlex\\Documents\\react\\meet-app\\src\\components\\NumberOfEvents.jsx": {"path":"C:\\Users\\SherlacAlex\\Documents\\react\\meet-app\\src\\components\\NumberOfEvents.jsx","statementMap":{"0":{"start":{"line":2,"column":23},"end":{"line":16,"column":1}},"1":{"start":{"line":3,"column":4},"end":{"line":15,"column":6}},"2":{"start":{"line":12,"column":33},"end":{"line":12,"column":66}}},"fnMap":{"0":{"name":"(anonymous_0)","decl":{"start":{"line":2,"column":23},"end":{"line":2,"column":24}},"loc":{"start":{"line":2,"column":66},"end":{"line":16,"column":1}},"line":2},"1":{"name":"(anonymous_1)","decl":{"start":{"line":12,"column":26},"end":{"line":12,"column":27}},"loc":{"start":{"line":12,"column":33},"end":{"line":12,"column":66}},"line":12}},"branchMap":{},"s":{"0":4,"1":22,"2":4},"f":{"0":22,"1":4},"b":{},"_coverageSchema":"1a1c01bbd47fc00a2c39e90264f33305004495a9","hash":"7a4d33ae2581a5127929f9bd34b64ba950bcb7d2"}
}
