{"C:\\Users\\SherlacAlex\\Documents\\react\\meet-app\\src\\App.jsx": {"path":"C:\\Users\\SherlacAlex\\Documents\\react\\meet-app\\src\\App.jsx","statementMap":{"0":{"start":{"line":11,"column":42},"end":{"line":11,"column":54}},"1":{"start":{"line":12,"column":30},"end":{"line":12,"column":42}},"2":{"start":{"line":13,"column":46},"end":{"line":13,"column":58}},"3":{"start":{"line":14,"column":40},"end":{"line":14,"column":66}},"4":{"start":{"line":15,"column":36},"end":{"line":15,"column":48}},"5":{"start":{"line":16,"column":38},"end":{"line":16,"column":50}},"6":{"start":{"line":17,"column":42},"end":{"line":17,"column":54}},"7":{"start":{"line":19,"column":2},"end":{"line":26,"column":36}},"8":{"start":{"line":20,"column":4},"end":{"line":24,"column":5}},"9":{"start":{"line":21,"column":6},"end":{"line":21,"column":80}},"10":{"start":{"line":23,"column":6},"end":{"line":23,"column":25}},"11":{"start":{"line":25,"column":4},"end":{"line":25,"column":16}},"12":{"start":{"line":28,"column":20},"end":{"line":36,"column":3}},"13":{"start":{"line":29,"column":22},"end":{"line":29,"column":39}},"14":{"start":{"line":30,"column":27},"end":{"line":32,"column":62}},"15":{"start":{"line":32,"column":31},"end":{"line":32,"column":61}},"16":{"start":{"line":33,"column":4},"end":{"line":33,"column":55}},"17":{"start":{"line":34,"column":4},"end":{"line":34,"column":49}},"18":{"start":{"line":38,"column":2},"end":{"line":53,"column":4}}},"fnMap":{"0":{"name":"App","decl":{"start":{"line":10,"column":9},"end":{"line":10,"column":12}},"loc":{"start":{"line":10,"column":15},"end":{"line":54,"column":1}},"line":10},"1":{"name":"(anonymous_1)","decl":{"start":{"line":19,"column":12},"end":{"line":19,"column":13}},"loc":{"start":{"line":19,"column":18},"end":{"line":26,"column":3}},"line":19},"2":{"name":"(anonymous_2)","decl":{"start":{"line":28,"column":20},"end":{"line":28,"column":21}},"loc":{"start":{"line":28,"column":32},"end":{"line":36,"column":3}},"line":28},"3":{"name":"(anonymous_3)","decl":{"start":{"line":32,"column":22},"end":{"line":32,"column":23}},"loc":{"start":{"line":32,"column":31},"end":{"line":32,"column":61}},"line":32}},"branchMap":{"0":{"loc":{"start":{"line":20,"column":4},"end":{"line":24,"column":5}},"type":"if","locations":[{"start":{"line":20,"column":4},"end":{"line":24,"column":5}},{"start":{"line":22,"column":11},"end":{"line":24,"column":5}}],"line":20},"1":{"loc":{"start":{"line":30,"column":27},"end":{"line":32,"column":62}},"type":"cond-expr","locations":[{"start":{"line":31,"column":5},"end":{"line":31,"column":14}},{"start":{"line":32,"column":5},"end":{"line":32,"column":62}}],"line":30},"2":{"loc":{"start":{"line":41,"column":9},"end":{"line":41,"column":64}},"type":"cond-expr","locations":[{"start":{"line":41,"column":28},"end":{"line":41,"column":57}},{"start":{"line":41,"column":60},"end":{"line":41,"column":64}}],"line":41},"3":{"loc":{"start":{"line":42,"column":9},"end":{"line":42,"column":67}},"type":"cond-expr","locations":[{"start":{"line":42,"column":29},"end":{"line":42,"column":60}},{"start":{"line":42,"column":63},"end":{"line":42,"column":67}}],"line":42},"4":{"loc":{"start":{"line":43,"column":9},"end":{"line":43,"column":73}},"type":"cond-expr","locations":[{"start":{"line":43,"column":31},"end":{"line":43,"column":66}},{"start":{"line":43,"column":69},"end":{"line":43,"column":73}}],"line":43}},"s":{"0":63,"1":59,"2":59,"3":59,"4":59,"5":59,"6":59,"7":59,"8":28,"9":0,"10":28,"11":28,"12":59,"13":28,"14":28,"15":70,"16":28,"17":28,"18":59},"f":{"0":63,"1":28,"2":28,"3":70},"b":{"0":[0,28],"1":[26,2],"2":[0,59],"3":[0,59],"4":[0,59]},"_coverageSchema":"1a1c01bbd47fc00a2c39e90264f33305004495a9","hash":"324c8596b354bff403d354f01ae2e120aa2b27a0"}
,"C:\\Users\\SherlacAlex\\Documents\\react\\meet-app\\src\\api.js": {"path":"C:\\Users\\SherlacAlex\\Documents\\react\\meet-app\\src\\api.js","statementMap":{"0":{"start":{"line":13,"column":32},"end":{"line":17,"column":1}},"1":{"start":{"line":14,"column":29},"end":{"line":14,"column":66}},"2":{"start":{"line":14,"column":51},"end":{"line":14,"column":65}},"3":{"start":{"line":15,"column":20},"end":{"line":15,"column":52}},"4":{"start":{"line":16,"column":2},"end":{"line":16,"column":19}},"5":{"start":{"line":19,"column":20},"end":{"line":32,"column":2}},"6":{"start":{"line":21,"column":2},"end":{"line":31,"column":3}},"7":{"start":{"line":22,"column":4},"end":{"line":26,"column":31}},"8":{"start":{"line":27,"column":4},"end":{"line":27,"column":45}},"9":{"start":{"line":29,"column":4},"end":{"line":29,"column":68}},"10":{"start":{"line":30,"column":4},"end":{"line":30,"column":45}},"11":{"start":{"line":34,"column":18},"end":{"line":44,"column":2}},"12":{"start":{"line":35,"column":21},"end":{"line":35,"column":45}},"13":{"start":{"line":36,"column":19},"end":{"line":38,"column":3}},"14":{"start":{"line":39,"column":27},"end":{"line":39,"column":48}},"15":{"start":{"line":40,"column":2},"end":{"line":40,"column":69}},"16":{"start":{"line":43,"column":2},"end":{"line":43,"column":22}},"17":{"start":{"line":50,"column":25},"end":{"line":77,"column":1}},"18":{"start":{"line":51,"column":2},"end":{"line":51,"column":20}},"19":{"start":{"line":52,"column":2},"end":{"line":55,"column":3}},"20":{"start":{"line":53,"column":4},"end":{"line":53,"column":21}},"21":{"start":{"line":54,"column":4},"end":{"line":54,"column":20}},"22":{"start":{"line":57,"column":2},"end":{"line":61,"column":3}},"23":{"start":{"line":58,"column":19},"end":{"line":58,"column":53}},"24":{"start":{"line":59,"column":4},"end":{"line":59,"column":21}},"25":{"start":{"line":60,"column":4},"end":{"line":60,"column":40}},"26":{"start":{"line":63,"column":16},"end":{"line":63,"column":38}},"27":{"start":{"line":66,"column":1},"end":{"line":76,"column":2}},"28":{"start":{"line":67,"column":3},"end":{"line":67,"column":17}},"29":{"start":{"line":68,"column":16},"end":{"line":68,"column":108}},"30":{"start":{"line":69,"column":20},"end":{"line":69,"column":36}},"31":{"start":{"line":70,"column":18},"end":{"line":70,"column":39}},"32":{"start":{"line":71,"column":3},"end":{"line":75,"column":22}},"33":{"start":{"line":72,"column":5},"end":{"line":72,"column":22}},"34":{"start":{"line":73,"column":5},"end":{"line":73,"column":71}},"35":{"start":{"line":74,"column":5},"end":{"line":74,"column":26}},"36":{"start":{"line":75,"column":10},"end":{"line":75,"column":22}},"37":{"start":{"line":79,"column":19},"end":{"line":85,"column":2}},"38":{"start":{"line":80,"column":19},"end":{"line":82,"column":3}},"39":{"start":{"line":83,"column":17},"end":{"line":83,"column":38}},"40":{"start":{"line":84,"column":2},"end":{"line":84,"column":16}},"41":{"start":{"line":87,"column":30},"end":{"line":107,"column":1}},"42":{"start":{"line":88,"column":22},"end":{"line":88,"column":58}},"43":{"start":{"line":89,"column":21},"end":{"line":89,"column":67}},"44":{"start":{"line":92,"column":2},"end":{"line":105,"column":3}},"45":{"start":{"line":93,"column":4},"end":{"line":93,"column":50}},"46":{"start":{"line":94,"column":25},"end":{"line":94,"column":68}},"47":{"start":{"line":95,"column":17},"end":{"line":95,"column":47}},"48":{"start":{"line":96,"column":4},"end":{"line":103,"column":5}},"49":{"start":{"line":97,"column":23},"end":{"line":99,"column":7}},"50":{"start":{"line":100,"column":21},"end":{"line":100,"column":42}},"51":{"start":{"line":101,"column":26},"end":{"line":101,"column":32}},"52":{"start":{"line":102,"column":6},"end":{"line":102,"column":46}},"53":{"start":{"line":104,"column":4},"end":{"line":104,"column":34}},"54":{"start":{"line":106,"column":2},"end":{"line":106,"column":21}}},"fnMap":{"0":{"name":"(anonymous_0)","decl":{"start":{"line":13,"column":32},"end":{"line":13,"column":33}},"loc":{"start":{"line":13,"column":44},"end":{"line":17,"column":1}},"line":13},"1":{"name":"(anonymous_1)","decl":{"start":{"line":14,"column":40},"end":{"line":14,"column":41}},"loc":{"start":{"line":14,"column":51},"end":{"line":14,"column":65}},"line":14},"2":{"name":"(anonymous_2)","decl":{"start":{"line":19,"column":20},"end":{"line":19,"column":21}},"loc":{"start":{"line":19,"column":26},"end":{"line":32,"column":2}},"line":19},"3":{"name":"(anonymous_3)","decl":{"start":{"line":34,"column":18},"end":{"line":34,"column":19}},"loc":{"start":{"line":34,"column":34},"end":{"line":44,"column":2}},"line":34},"4":{"name":"(anonymous_4)","decl":{"start":{"line":50,"column":25},"end":{"line":50,"column":26}},"loc":{"start":{"line":50,"column":37},"end":{"line":77,"column":1}},"line":50},"5":{"name":"(anonymous_5)","decl":{"start":{"line":79,"column":19},"end":{"line":79,"column":20}},"loc":{"start":{"line":79,"column":42},"end":{"line":85,"column":2}},"line":79},"6":{"name":"(anonymous_6)","decl":{"start":{"line":87,"column":30},"end":{"line":87,"column":31}},"loc":{"start":{"line":87,"column":42},"end":{"line":107,"column":1}},"line":87}},"branchMap":{"0":{"loc":{"start":{"line":21,"column":2},"end":{"line":31,"column":3}},"type":"if","locations":[{"start":{"line":21,"column":2},"end":{"line":31,"column":3}},{"start":{"line":28,"column":9},"end":{"line":31,"column":3}}],"line":21},"1":{"loc":{"start":{"line":21,"column":6},"end":{"line":21,"column":58}},"type":"binary-expr","locations":[{"start":{"line":21,"column":6},"end":{"line":21,"column":30}},{"start":{"line":21,"column":34},"end":{"line":21,"column":58}}],"line":21},"2":{"loc":{"start":{"line":40,"column":2},"end":{"line":40,"column":68}},"type":"binary-expr","locations":[{"start":{"line":40,"column":2},"end":{"line":40,"column":14}},{"start":{"line":40,"column":18},"end":{"line":40,"column":68}}],"line":40},"3":{"loc":{"start":{"line":52,"column":2},"end":{"line":55,"column":3}},"type":"if","locations":[{"start":{"line":52,"column":2},"end":{"line":55,"column":3}},{"start":{},"end":{}}],"line":52},"4":{"loc":{"start":{"line":57,"column":2},"end":{"line":61,"column":3}},"type":"if","locations":[{"start":{"line":57,"column":2},"end":{"line":61,"column":3}},{"start":{},"end":{}}],"line":57},"5":{"loc":{"start":{"line":60,"column":11},"end":{"line":60,"column":39}},"type":"cond-expr","locations":[{"start":{"line":60,"column":18},"end":{"line":60,"column":36}},{"start":{"line":60,"column":37},"end":{"line":60,"column":39}}],"line":60},"6":{"loc":{"start":{"line":66,"column":1},"end":{"line":76,"column":2}},"type":"if","locations":[{"start":{"line":66,"column":1},"end":{"line":76,"column":2}},{"start":{},"end":{}}],"line":66},"7":{"loc":{"start":{"line":71,"column":3},"end":{"line":75,"column":22}},"type":"if","locations":[{"start":{"line":71,"column":3},"end":{"line":75,"column":22}},{"start":{"line":75,"column":10},"end":{"line":75,"column":22}}],"line":71},"8":{"loc":{"start":{"line":89,"column":21},"end":{"line":89,"column":67}},"type":"binary-expr","locations":[{"start":{"line":89,"column":21},"end":{"line":89,"column":32}},{"start":{"line":89,"column":37},"end":{"line":89,"column":66}}],"line":89},"9":{"loc":{"start":{"line":92,"column":2},"end":{"line":105,"column":3}},"type":"if","locations":[{"start":{"line":92,"column":2},"end":{"line":105,"column":3}},{"start":{},"end":{}}],"line":92},"10":{"loc":{"start":{"line":92,"column":6},"end":{"line":92,"column":38}},"type":"binary-expr","locations":[{"start":{"line":92,"column":6},"end":{"line":92,"column":18}},{"start":{"line":92,"column":22},"end":{"line":92,"column":38}}],"line":92},"11":{"loc":{"start":{"line":96,"column":4},"end":{"line":103,"column":5}},"type":"if","locations":[{"start":{"line":96,"column":4},"end":{"line":103,"column":5}},{"start":{},"end":{}}],"line":96},"12":{"loc":{"start":{"line":104,"column":11},"end":{"line":104,"column":33}},"type":"binary-expr","locations":[{"start":{"line":104,"column":11},"end":{"line":104,"column":15}},{"start":{"line":104,"column":19},"end":{"line":104,"column":33}}],"line":104}},"s":{"0":8,"1":31,"2":1085,"3":31,"4":31,"5":8,"6":0,"7":0,"8":0,"9":0,"10":0,"11":8,"12":0,"13":0,"14":0,"15":0,"16":0,"17":8,"18":48,"19":48,"20":48,"21":48,"22":0,"23":0,"24":0,"25":0,"26":0,"27":0,"28":0,"29":0,"30":0,"31":0,"32":0,"33":0,"34":0,"35":0,"36":0,"37":8,"38":0,"39":0,"40":0,"41":8,"42":0,"43":0,"44":0,"45":0,"46":0,"47":0,"48":0,"49":0,"50":0,"51":0,"52":0,"53":0,"54":0},"f":{"0":31,"1":1085,"2":0,"3":0,"4":48,"5":0,"6":0},"b":{"0":[0,0],"1":[0,0],"2":[0,0],"3":[48,0],"4":[0,0],"5":[0,0],"6":[0,0],"7":[0,0],"8":[0,0],"9":[0,0],"10":[0,0],"11":[0,0],"12":[0,0]},"_coverageSchema":"1a1c01bbd47fc00a2c39e90264f33305004495a9","hash":"7599d8dc3b7a58deb75e2d9ed807e0688a1fbc39"}
,"C:\\Users\\SherlacAlex\\Documents\\react\\meet-app\\src\\mock-data.js": {"path":"C:\\Users\\SherlacAlex\\Documents\\react\\meet-app\\src\\mock-data.js","statementMap":{"0":{"start":{"line":3,"column":17},"end":{"line":1369,"column":4}}},"fnMap":{},"branchMap":{},"s":{"0":8},"f":{},"b":{},"_coverageSchema":"1a1c01bbd47fc00a2c39e90264f33305004495a9","hash":"6194398f40de14835434e74660a7d435771718d4"}
,"C:\\Users\\SherlacAlex\\Documents\\react\\meet-app\\src\\components\\Alert.jsx": {"path":"C:\\Users\\SherlacAlex\\Documents\\react\\meet-app\\src\\components\\Alert.jsx","statementMap":{"0":{"start":{"line":6,"column":3},"end":{"line":6,"column":16}},"1":{"start":{"line":7,"column":3},"end":{"line":7,"column":21}},"2":{"start":{"line":8,"column":3},"end":{"line":8,"column":23}},"3":{"start":{"line":12,"column":12},"end":{"line":26,"column":2}},"4":{"start":{"line":13,"column":3},"end":{"line":25,"column":5}},"5":{"start":{"line":30,"column":3},"end":{"line":34,"column":5}},"6":{"start":{"line":40,"column":4},"end":{"line":40,"column":17}},"7":{"start":{"line":41,"column":4},"end":{"line":41,"column":34}},"8":{"start":{"line":42,"column":4},"end":{"line":42,"column":40}},"9":{"start":{"line":48,"column":4},"end":{"line":48,"column":17}},"10":{"start":{"line":49,"column":4},"end":{"line":49,"column":34}},"11":{"start":{"line":50,"column":4},"end":{"line":50,"column":40}},"12":{"start":{"line":56,"column":4},"end":{"line":56,"column":17}},"13":{"start":{"line":57,"column":4},"end":{"line":57,"column":34}},"14":{"start":{"line":58,"column":4},"end":{"line":58,"column":40}}},"fnMap":{"0":{"name":"(anonymous_0)","decl":{"start":{"line":5,"column":1},"end":{"line":5,"column":2}},"loc":{"start":{"line":5,"column":20},"end":{"line":9,"column":2}},"line":5},"1":{"name":"(anonymous_1)","decl":{"start":{"line":12,"column":12},"end":{"line":12,"column":13}},"loc":{"start":{"line":12,"column":18},"end":{"line":26,"column":2}},"line":12},"2":{"name":"(anonymous_2)","decl":{"start":{"line":29,"column":1},"end":{"line":29,"column":2}},"loc":{"start":{"line":29,"column":10},"end":{"line":35,"column":2}},"line":29},"3":{"name":"(anonymous_3)","decl":{"start":{"line":39,"column":2},"end":{"line":39,"column":3}},"loc":{"start":{"line":39,"column":21},"end":{"line":43,"column":3}},"line":39},"4":{"name":"(anonymous_4)","decl":{"start":{"line":47,"column":2},"end":{"line":47,"column":3}},"loc":{"start":{"line":47,"column":21},"end":{"line":51,"column":3}},"line":47},"5":{"name":"(anonymous_5)","decl":{"start":{"line":55,"column":2},"end":{"line":55,"column":3}},"loc":{"start":{"line":55,"column":21},"end":{"line":59,"column":3}},"line":55}},"branchMap":{},"s":{"0":3,"1":3,"2":3,"3":3,"4":3,"5":3,"6":1,"7":1,"8":1,"9":1,"10":1,"11":1,"12":1,"13":1,"14":1},"f":{"0":3,"1":3,"2":3,"3":1,"4":1,"5":1},"b":{},"_coverageSchema":"1a1c01bbd47fc00a2c39e90264f33305004495a9","hash":"2d0c4370bf9ece028cd75cd1df550a53ce1a471a"}
,"C:\\Users\\SherlacAlex\\Documents\\react\\meet-app\\src\\components\\CityEventsChart.jsx": {"path":"C:\\Users\\SherlacAlex\\Documents\\react\\meet-app\\src\\components\\CityEventsChart.jsx","statementMap":{"0":{"start":{"line":12,"column":24},"end":{"line":55,"column":1}},"1":{"start":{"line":13,"column":26},"end":{"line":13,"column":38}},"2":{"start":{"line":14,"column":2},"end":{"line":16,"column":20}},"3":{"start":{"line":15,"column":4},"end":{"line":15,"column":23}},"4":{"start":{"line":17,"column":18},"end":{"line":24,"column":3}},"5":{"start":{"line":18,"column":17},"end":{"line":22,"column":6}},"6":{"start":{"line":19,"column":20},"end":{"line":19,"column":80}},"7":{"start":{"line":19,"column":45},"end":{"line":19,"column":72}},"8":{"start":{"line":20,"column":19},"end":{"line":20,"column":48}},"9":{"start":{"line":21,"column":6},"end":{"line":21,"column":29}},"10":{"start":{"line":23,"column":4},"end":{"line":23,"column":16}},"11":{"start":{"line":25,"column":2},"end":{"line":54,"column":4}}},"fnMap":{"0":{"name":"(anonymous_0)","decl":{"start":{"line":12,"column":24},"end":{"line":12,"column":25}},"loc":{"start":{"line":12,"column":54},"end":{"line":55,"column":1}},"line":12},"1":{"name":"(anonymous_1)","decl":{"start":{"line":14,"column":12},"end":{"line":14,"column":13}},"loc":{"start":{"line":14,"column":18},"end":{"line":16,"column":3}},"line":14},"2":{"name":"(anonymous_2)","decl":{"start":{"line":17,"column":18},"end":{"line":17,"column":19}},"loc":{"start":{"line":17,"column":24},"end":{"line":24,"column":3}},"line":17},"3":{"name":"(anonymous_3)","decl":{"start":{"line":18,"column":34},"end":{"line":18,"column":35}},"loc":{"start":{"line":18,"column":48},"end":{"line":22,"column":5}},"line":18},"4":{"name":"(anonymous_4)","decl":{"start":{"line":19,"column":34},"end":{"line":19,"column":35}},"loc":{"start":{"line":19,"column":45},"end":{"line":19,"column":72}},"line":19}},"branchMap":{},"s":{"0":7,"1":90,"2":90,"3":40,"4":90,"5":40,"6":44,"7":886,"8":44,"9":44,"10":40,"11":90},"f":{"0":90,"1":40,"2":40,"3":44,"4":886},"b":{},"_coverageSchema":"1a1c01bbd47fc00a2c39e90264f33305004495a9","hash":"f955dd8effd679e52e02adb727e01605c247800b"}
,"C:\\Users\\SherlacAlex\\Documents\\react\\meet-app\\src\\components\\CitySearch.jsx": {"path":"C:\\Users\\SherlacAlex\\Documents\\react\\meet-app\\src\\components\\CitySearch.jsx","statementMap":{"0":{"start":{"line":4,"column":19},"end":{"line":63,"column":1}},"1":{"start":{"line":5,"column":48},"end":{"line":5,"column":63}},"2":{"start":{"line":6,"column":28},"end":{"line":6,"column":40}},"3":{"start":{"line":7,"column":40},"end":{"line":7,"column":52}},"4":{"start":{"line":9,"column":2},"end":{"line":11,"column":26}},"5":{"start":{"line":10,"column":4},"end":{"line":10,"column":33}},"6":{"start":{"line":13,"column":29},"end":{"line":30,"column":3}},"7":{"start":{"line":14,"column":18},"end":{"line":14,"column":36}},"8":{"start":{"line":15,"column":30},"end":{"line":17,"column":11}},"9":{"start":{"line":16,"column":6},"end":{"line":16,"column":70}},"10":{"start":{"line":20,"column":4},"end":{"line":20,"column":20}},"11":{"start":{"line":21,"column":4},"end":{"line":21,"column":38}},"12":{"start":{"line":24,"column":4},"end":{"line":28,"column":5}},"13":{"start":{"line":25,"column":6},"end":{"line":25,"column":88}},"14":{"start":{"line":27,"column":6},"end":{"line":27,"column":19}},"15":{"start":{"line":29,"column":4},"end":{"line":29,"column":27}},"16":{"start":{"line":32,"column":28},"end":{"line":38,"column":3}},"17":{"start":{"line":33,"column":18},"end":{"line":33,"column":42}},"18":{"start":{"line":34,"column":4},"end":{"line":34,"column":20}},"19":{"start":{"line":35,"column":4},"end":{"line":35,"column":30}},"20":{"start":{"line":36,"column":4},"end":{"line":36,"column":26}},"21":{"start":{"line":37,"column":4},"end":{"line":37,"column":20}},"22":{"start":{"line":40,"column":2},"end":{"line":62,"column":2}},"23":{"start":{"line":47,"column":23},"end":{"line":47,"column":47}},"24":{"start":{"line":53,"column":12},"end":{"line":53,"column":85}}},"fnMap":{"0":{"name":"(anonymous_0)","decl":{"start":{"line":4,"column":19},"end":{"line":4,"column":20}},"loc":{"start":{"line":4,"column":71},"end":{"line":63,"column":1}},"line":4},"1":{"name":"(anonymous_1)","decl":{"start":{"line":9,"column":12},"end":{"line":9,"column":13}},"loc":{"start":{"line":9,"column":18},"end":{"line":11,"column":3}},"line":9},"2":{"name":"(anonymous_2)","decl":{"start":{"line":13,"column":29},"end":{"line":13,"column":30}},"loc":{"start":{"line":13,"column":40},"end":{"line":30,"column":3}},"line":13},"3":{"name":"(anonymous_3)","decl":{"start":{"line":15,"column":65},"end":{"line":15,"column":66}},"loc":{"start":{"line":15,"column":79},"end":{"line":17,"column":5}},"line":15},"4":{"name":"(anonymous_4)","decl":{"start":{"line":32,"column":28},"end":{"line":32,"column":29}},"loc":{"start":{"line":32,"column":39},"end":{"line":38,"column":3}},"line":32},"5":{"name":"(anonymous_5)","decl":{"start":{"line":47,"column":17},"end":{"line":47,"column":18}},"loc":{"start":{"line":47,"column":23},"end":{"line":47,"column":47}},"line":47},"6":{"name":"(anonymous_6)","decl":{"start":{"line":52,"column":27},"end":{"line":52,"column":28}},"loc":{"start":{"line":52,"column":43},"end":{"line":54,"column":11}},"line":52}},"branchMap":{"0":{"loc":{"start":{"line":15,"column":30},"end":{"line":17,"column":11}},"type":"cond-expr","locations":[{"start":{"line":15,"column":45},"end":{"line":17,"column":6}},{"start":{"line":17,"column":9},"end":{"line":17,"column":11}}],"line":15},"1":{"loc":{"start":{"line":24,"column":4},"end":{"line":28,"column":5}},"type":"if","locations":[{"start":{"line":24,"column":4},"end":{"line":28,"column":5}},{"start":{"line":26,"column":11},"end":{"line":28,"column":5}}],"line":24},"2":{"loc":{"start":{"line":50,"column":7},"end":{"line":59,"column":14}},"type":"cond-expr","locations":[{"start":{"line":51,"column":8},"end":{"line":58,"column":13}},{"start":{"line":59,"column":10},"end":{"line":59,"column":14}}],"line":50}},"s":{"0":7,"1":132,"2":132,"3":132,"4":132,"5":37,"6":132,"7":30,"8":30,"9":60,"10":30,"11":30,"12":30,"13":0,"14":30,"15":30,"16":132,"17":3,"18":3,"19":3,"20":3,"21":3,"22":132,"23":7,"24":42},"f":{"0":132,"1":37,"2":30,"3":60,"4":3,"5":7,"6":42},"b":{"0":[30,0],"1":[0,30],"2":[39,93]},"_coverageSchema":"1a1c01bbd47fc00a2c39e90264f33305004495a9","hash":"f1181ca117519cf5827bd4cba4b041cf76a45e94"}
,"C:\\Users\\SherlacAlex\\Documents\\react\\meet-app\\src\\components\\Event.jsx": {"path":"C:\\Users\\SherlacAlex\\Documents\\react\\meet-app\\src\\components\\Event.jsx","statementMap":{"0":{"start":{"line":4,"column":14},"end":{"line":21,"column":1}},"1":{"start":{"line":5,"column":42},"end":{"line":5,"column":57}},"2":{"start":{"line":6,"column":63},"end":{"line":6,"column":68}},"3":{"start":{"line":7,"column":25},"end":{"line":7,"column":30}},"4":{"start":{"line":9,"column":4},"end":{"line":20,"column":6}},"5":{"start":{"line":15,"column":55},"end":{"line":15,"column":83}}},"fnMap":{"0":{"name":"(anonymous_0)","decl":{"start":{"line":4,"column":14},"end":{"line":4,"column":15}},"loc":{"start":{"line":4,"column":29},"end":{"line":21,"column":1}},"line":4},"1":{"name":"(anonymous_1)","decl":{"start":{"line":15,"column":49},"end":{"line":15,"column":50}},"loc":{"start":{"line":15,"column":55},"end":{"line":15,"column":83}},"line":15}},"branchMap":{"0":{"loc":{"start":{"line":16,"column":13},"end":{"line":16,"column":58}},"type":"cond-expr","locations":[{"start":{"line":16,"column":27},"end":{"line":16,"column":41}},{"start":{"line":16,"column":44},"end":{"line":16,"column":58}}],"line":16},"1":{"loc":{"start":{"line":18,"column":9},"end":{"line":18,"column":99}},"type":"binary-expr","locations":[{"start":{"line":18,"column":9},"end":{"line":18,"column":20}},{"start":{"line":18,"column":24},"end":{"line":18,"column":99}}],"line":18}},"s":{"0":8,"1":661,"2":661,"3":661,"4":661,"5":4},"f":{"0":661,"1":4},"b":{"0":[3,658],"1":[661,3]},"_coverageSchema":"1a1c01bbd47fc00a2c39e90264f33305004495a9","hash":"59fcac3ef18bded0d61761534e33553a1fa75654"}
,"C:\\Users\\SherlacAlex\\Documents\\react\\meet-app\\src\\components\\EventGenresChart.jsx": {"path":"C:\\Users\\SherlacAlex\\Documents\\react\\meet-app\\src\\components\\EventGenresChart.jsx","statementMap":{"0":{"start":{"line":3,"column":25},"end":{"line":57,"column":1}},"1":{"start":{"line":4,"column":26},"end":{"line":4,"column":38}},"2":{"start":{"line":5,"column":17},"end":{"line":5,"column":71}},"3":{"start":{"line":6,"column":17},"end":{"line":6,"column":72}},"4":{"start":{"line":8,"column":2},"end":{"line":10,"column":20}},"5":{"start":{"line":9,"column":4},"end":{"line":9,"column":22}},"6":{"start":{"line":12,"column":18},"end":{"line":18,"column":3}},"7":{"start":{"line":13,"column":17},"end":{"line":16,"column":6}},"8":{"start":{"line":14,"column":29},"end":{"line":14,"column":89}},"9":{"start":{"line":14,"column":52},"end":{"line":14,"column":81}},"10":{"start":{"line":15,"column":6},"end":{"line":15,"column":51}},"11":{"start":{"line":17,"column":4},"end":{"line":17,"column":15}},"12":{"start":{"line":20,"column":32},"end":{"line":36,"column":3}},"13":{"start":{"line":21,"column":19},"end":{"line":21,"column":32}},"14":{"start":{"line":22,"column":19},"end":{"line":22,"column":30}},"15":{"start":{"line":23,"column":14},"end":{"line":23,"column":63}},"16":{"start":{"line":24,"column":14},"end":{"line":24,"column":63}},"17":{"start":{"line":25,"column":4},"end":{"line":35,"column":13}},"18":{"start":{"line":38,"column":2},"end":{"line":56,"column":3}},"19":{"start":{"line":50,"column":12},"end":{"line":50,"column":79}}},"fnMap":{"0":{"name":"(anonymous_0)","decl":{"start":{"line":3,"column":25},"end":{"line":3,"column":26}},"loc":{"start":{"line":3,"column":41},"end":{"line":57,"column":1}},"line":3},"1":{"name":"(anonymous_1)","decl":{"start":{"line":8,"column":12},"end":{"line":8,"column":13}},"loc":{"start":{"line":8,"column":18},"end":{"line":10,"column":3}},"line":8},"2":{"name":"(anonymous_2)","decl":{"start":{"line":12,"column":18},"end":{"line":12,"column":19}},"loc":{"start":{"line":12,"column":24},"end":{"line":18,"column":3}},"line":12},"3":{"name":"(anonymous_3)","decl":{"start":{"line":13,"column":28},"end":{"line":13,"column":29}},"loc":{"start":{"line":13,"column":39},"end":{"line":16,"column":5}},"line":13},"4":{"name":"(anonymous_4)","decl":{"start":{"line":14,"column":43},"end":{"line":14,"column":44}},"loc":{"start":{"line":14,"column":52},"end":{"line":14,"column":81}},"line":14},"5":{"name":"(anonymous_5)","decl":{"start":{"line":20,"column":32},"end":{"line":20,"column":33}},"loc":{"start":{"line":20,"column":87},"end":{"line":36,"column":3}},"line":20},"6":{"name":"(anonymous_6)","decl":{"start":{"line":49,"column":20},"end":{"line":49,"column":21}},"loc":{"start":{"line":50,"column":12},"end":{"line":50,"column":79}},"line":50}},"branchMap":{"0":{"loc":{"start":{"line":25,"column":11},"end":{"line":35,"column":12}},"type":"cond-expr","locations":[{"start":{"line":26,"column":6},"end":{"line":34,"column":13}},{"start":{"line":35,"column":8},"end":{"line":35,"column":12}}],"line":25},"1":{"loc":{"start":{"line":30,"column":20},"end":{"line":30,"column":44}},"type":"cond-expr","locations":[{"start":{"line":30,"column":29},"end":{"line":30,"column":36}},{"start":{"line":30,"column":39},"end":{"line":30,"column":44}}],"line":30}},"s":{"0":7,"1":90,"2":90,"3":90,"4":90,"5":40,"6":90,"7":40,"8":200,"9":2215,"10":200,"11":40,"12":90,"13":0,"14":0,"15":0,"16":0,"17":0,"18":90,"19":360},"f":{"0":90,"1":40,"2":40,"3":200,"4":2215,"5":0,"6":360},"b":{"0":[0,0],"1":[0,0]},"_coverageSchema":"1a1c01bbd47fc00a2c39e90264f33305004495a9","hash":"b0ea2940fc6e1e6f5b77323e909d84ef48234650"}
,"C:\\Users\\SherlacAlex\\Documents\\react\\meet-app\\src\\components\\EventList.jsx": {"path":"C:\\Users\\SherlacAlex\\Documents\\react\\meet-app\\src\\components\\EventList.jsx","statementMap":{"0":{"start":{"line":4,"column":18},"end":{"line":10,"column":1}},"1":{"start":{"line":5,"column":2},"end":{"line":9,"column":4}},"2":{"start":{"line":7,"column":38},"end":{"line":7,"column":76}}},"fnMap":{"0":{"name":"(anonymous_0)","decl":{"start":{"line":4,"column":18},"end":{"line":4,"column":19}},"loc":{"start":{"line":4,"column":35},"end":{"line":10,"column":1}},"line":4},"1":{"name":"(anonymous_1)","decl":{"start":{"line":7,"column":29},"end":{"line":7,"column":30}},"loc":{"start":{"line":7,"column":38},"end":{"line":7,"column":76}},"line":7}},"branchMap":{"0":{"loc":{"start":{"line":7,"column":9},"end":{"line":7,"column":84}},"type":"cond-expr","locations":[{"start":{"line":7,"column":18},"end":{"line":7,"column":77}},{"start":{"line":7,"column":80},"end":{"line":7,"column":84}}],"line":7}},"s":{"0":7,"1":58,"2":647},"f":{"0":58,"1":647},"b":{"0":[53,5]},"_coverageSchema":"1a1c01bbd47fc00a2c39e90264f33305004495a9","hash":"9250b3a45e0e5ac733fa0e9898efffc9305d8deb"}
,"C:\\Users\\SherlacAlex\\Documents\\react\\meet-app\\src\\components\\NumberOfEvents.jsx": {"path":"C:\\Users\\SherlacAlex\\Documents\\react\\meet-app\\src\\components\\NumberOfEvents.jsx","statementMap":{"0":{"start":{"line":2,"column":23},"end":{"line":31,"column":1}},"1":{"start":{"line":3,"column":30},"end":{"line":3,"column":42}},"2":{"start":{"line":5,"column":31},"end":{"line":15,"column":5}},"3":{"start":{"line":6,"column":22},"end":{"line":6,"column":54}},"4":{"start":{"line":7,"column":8},"end":{"line":14,"column":9}},"5":{"start":{"line":8,"column":12},"end":{"line":8,"column":57}},"6":{"start":{"line":9,"column":12},"end":{"line":9,"column":62}},"7":{"start":{"line":11,"column":12},"end":{"line":11,"column":25}},"8":{"start":{"line":12,"column":12},"end":{"line":12,"column":30}},"9":{"start":{"line":13,"column":12},"end":{"line":13,"column":37}},"10":{"start":{"line":17,"column":4},"end":{"line":30,"column":6}},"11":{"start":{"line":26,"column":33},"end":{"line":26,"column":54}}},"fnMap":{"0":{"name":"(anonymous_0)","decl":{"start":{"line":2,"column":23},"end":{"line":2,"column":24}},"loc":{"start":{"line":2,"column":82},"end":{"line":31,"column":1}},"line":2},"1":{"name":"(anonymous_1)","decl":{"start":{"line":5,"column":31},"end":{"line":5,"column":32}},"loc":{"start":{"line":5,"column":42},"end":{"line":15,"column":5}},"line":5},"2":{"name":"(anonymous_2)","decl":{"start":{"line":26,"column":26},"end":{"line":26,"column":27}},"loc":{"start":{"line":26,"column":33},"end":{"line":26,"column":54}},"line":26}},"branchMap":{"0":{"loc":{"start":{"line":7,"column":8},"end":{"line":14,"column":9}},"type":"if","locations":[{"start":{"line":7,"column":8},"end":{"line":14,"column":9}},{"start":{"line":10,"column":15},"end":{"line":14,"column":9}}],"line":7},"1":{"loc":{"start":{"line":7,"column":12},"end":{"line":7,"column":52}},"type":"binary-expr","locations":[{"start":{"line":7,"column":12},"end":{"line":7,"column":25}},{"start":{"line":7,"column":29},"end":{"line":7,"column":38}},{"start":{"line":7,"column":42},"end":{"line":7,"column":52}}],"line":7},"2":{"loc":{"start":{"line":24,"column":23},"end":{"line":24,"column":43}},"type":"binary-expr","locations":[{"start":{"line":24,"column":23},"end":{"line":24,"column":37}},{"start":{"line":24,"column":41},"end":{"line":24,"column":43}}],"line":24},"3":{"loc":{"start":{"line":28,"column":13},"end":{"line":28,"column":64}},"type":"binary-expr","locations":[{"start":{"line":28,"column":13},"end":{"line":28,"column":18}},{"start":{"line":28,"column":22},"end":{"line":28,"column":64}}],"line":28}},"s":{"0":7,"1":53,"2":53,"3":8,"4":8,"5":0,"6":0,"7":8,"8":8,"9":8,"10":53,"11":8},"f":{"0":53,"1":8,"2":8},"b":{"0":[0,8],"1":[8,6,8],"2":[53,4],"3":[53,0]},"_coverageSchema":"1a1c01bbd47fc00a2c39e90264f33305004495a9","hash":"ffcdcbb49aeb64e24317ec5084e8e8e1cc0f4c41"}
}
