TN:
SF:src\App.jsx
FN:10,App
FN:19,(anonymous_1)
FN:28,(anonymous_2)
FN:32,(anonymous_3)
FNF:4
FNH:4
FNDA:63,App
FNDA:28,(anonymous_1)
FNDA:28,(anonymous_2)
FNDA:70,(anonymous_3)
DA:11,63
DA:12,59
DA:13,59
DA:14,59
DA:15,59
DA:16,59
DA:17,59
DA:19,59
DA:20,28
DA:21,0
DA:23,28
DA:25,28
DA:28,59
DA:29,28
DA:30,28
DA:32,70
DA:33,28
DA:34,28
DA:38,59
LF:19
LH:18
BRDA:20,0,0,0
BRDA:20,0,1,28
BRDA:30,1,0,26
BRDA:30,1,1,2
BRDA:41,2,0,0
BRDA:41,2,1,59
BRDA:42,3,0,0
BRDA:42,3,1,59
BRDA:43,4,0,0
BRDA:43,4,1,59
BRF:10
BRH:6
end_of_record
TN:
SF:src\api.js
FN:13,(anonymous_0)
FN:14,(anonymous_1)
FN:19,(anonymous_2)
FN:34,(anonymous_3)
FN:50,(anonymous_4)
FN:79,(anonymous_5)
FN:87,(anonymous_6)
FNF:7
FNH:3
FNDA:31,(anonymous_0)
FNDA:1085,(anonymous_1)
FNDA:0,(anonymous_2)
FNDA:0,(anonymous_3)
FNDA:48,(anonymous_4)
FNDA:0,(anonymous_5)
FNDA:0,(anonymous_6)
DA:13,8
DA:14,1085
DA:15,31
DA:16,31
DA:19,8
DA:21,0
DA:22,0
DA:27,0
DA:29,0
DA:30,0
DA:34,8
DA:35,0
DA:36,0
DA:39,0
DA:40,0
DA:43,0
DA:50,8
DA:51,48
DA:52,48
DA:53,48
DA:54,48
DA:57,0
DA:58,0
DA:59,0
DA:60,0
DA:63,0
DA:66,0
DA:67,0
DA:68,0
DA:69,0
DA:70,0
DA:71,0
DA:72,0
DA:73,0
DA:74,0
DA:75,0
DA:79,8
DA:80,0
DA:83,0
DA:84,0
DA:87,8
DA:88,0
DA:89,0
DA:92,0
DA:93,0
DA:94,0
DA:95,0
DA:96,0
DA:97,0
DA:100,0
DA:101,0
DA:102,0
DA:104,0
DA:106,0
LF:54
LH:13
BRDA:21,0,0,0
BRDA:21,0,1,0
BRDA:21,1,0,0
BRDA:21,1,1,0
BRDA:40,2,0,0
BRDA:40,2,1,0
BRDA:52,3,0,48
BRDA:52,3,1,0
BRDA:57,4,0,0
BRDA:57,4,1,0
BRDA:60,5,0,0
BRDA:60,5,1,0
BRDA:66,6,0,0
BRDA:66,6,1,0
BRDA:71,7,0,0
BRDA:71,7,1,0
BRDA:89,8,0,0
BRDA:89,8,1,0
BRDA:92,9,0,0
BRDA:92,9,1,0
BRDA:92,10,0,0
BRDA:92,10,1,0
BRDA:96,11,0,0
BRDA:96,11,1,0
BRDA:104,12,0,0
BRDA:104,12,1,0
BRF:26
BRH:1
end_of_record
TN:
SF:src\mock-data.js
FNF:0
FNH:0
DA:3,8
LF:1
LH:1
BRF:0
BRH:0
end_of_record
TN:
SF:src\components\Alert.jsx
FN:5,(anonymous_0)
FN:12,(anonymous_1)
FN:29,(anonymous_2)
FN:39,(anonymous_3)
FN:47,(anonymous_4)
FN:55,(anonymous_5)
FNF:6
FNH:6
FNDA:3,(anonymous_0)
FNDA:3,(anonymous_1)
FNDA:3,(anonymous_2)
FNDA:1,(anonymous_3)
FNDA:1,(anonymous_4)
FNDA:1,(anonymous_5)
DA:6,3
DA:7,3
DA:8,3
DA:12,3
DA:13,3
DA:30,3
DA:40,1
DA:41,1
DA:42,1
DA:48,1
DA:49,1
DA:50,1
DA:56,1
DA:57,1
DA:58,1
LF:15
LH:15
BRF:0
BRH:0
end_of_record
TN:
SF:src\components\CityEventsChart.jsx
FN:12,(anonymous_0)
FN:14,(anonymous_1)
FN:17,(anonymous_2)
FN:18,(anonymous_3)
FN:19,(anonymous_4)
FNF:5
FNH:5
FNDA:90,(anonymous_0)
FNDA:40,(anonymous_1)
FNDA:40,(anonymous_2)
FNDA:44,(anonymous_3)
FNDA:886,(anonymous_4)
DA:12,7
DA:13,90
DA:14,90
DA:15,40
DA:17,90
DA:18,40
DA:19,886
DA:20,44
DA:21,44
DA:23,40
DA:25,90
LF:11
LH:11
BRF:0
BRH:0
end_of_record
TN:
SF:src\components\CitySearch.jsx
FN:4,(anonymous_0)
FN:9,(anonymous_1)
FN:13,(anonymous_2)
FN:15,(anonymous_3)
FN:32,(anonymous_4)
FN:47,(anonymous_5)
FN:52,(anonymous_6)
FNF:7
FNH:7
FNDA:132,(anonymous_0)
FNDA:37,(anonymous_1)
FNDA:30,(anonymous_2)
FNDA:60,(anonymous_3)
FNDA:3,(anonymous_4)
FNDA:7,(anonymous_5)
FNDA:42,(anonymous_6)
DA:4,7
DA:5,132
DA:6,132
DA:7,132
DA:9,132
DA:10,37
DA:13,132
DA:14,30
DA:15,30
DA:16,60
DA:20,30
DA:21,30
DA:24,30
DA:25,0
DA:27,30
DA:29,30
DA:32,132
DA:33,3
DA:34,3
DA:35,3
DA:36,3
DA:37,3
DA:40,132
DA:47,7
DA:53,42
LF:25
LH:24
BRDA:15,0,0,30
BRDA:15,0,1,0
BRDA:24,1,0,0
BRDA:24,1,1,30
BRDA:50,2,0,39
BRDA:50,2,1,93
BRF:6
BRH:4
end_of_record
TN:
SF:src\components\Event.jsx
FN:4,(anonymous_0)
FN:15,(anonymous_1)
FNF:2
FNH:2
FNDA:661,(anonymous_0)
FNDA:4,(anonymous_1)
DA:4,8
DA:5,661
DA:6,661
DA:7,661
DA:9,661
DA:15,4
LF:6
LH:6
BRDA:16,0,0,3
BRDA:16,0,1,658
BRDA:18,1,0,661
BRDA:18,1,1,3
BRF:4
BRH:4
end_of_record
TN:
SF:src\components\EventGenresChart.jsx
FN:3,(anonymous_0)
FN:8,(anonymous_1)
FN:12,(anonymous_2)
FN:13,(anonymous_3)
FN:14,(anonymous_4)
FN:20,(anonymous_5)
FN:49,(anonymous_6)
FNF:7
FNH:6
FNDA:90,(anonymous_0)
FNDA:40,(anonymous_1)
FNDA:40,(anonymous_2)
FNDA:200,(anonymous_3)
FNDA:2215,(anonymous_4)
FNDA:0,(anonymous_5)
FNDA:360,(anonymous_6)
DA:3,7
DA:4,90
DA:5,90
DA:6,90
DA:8,90
DA:9,40
DA:12,90
DA:13,40
DA:14,2215
DA:15,200
DA:17,40
DA:20,90
DA:21,0
DA:22,0
DA:23,0
DA:24,0
DA:25,0
DA:38,90
DA:50,360
LF:19
LH:14
BRDA:25,0,0,0
BRDA:25,0,1,0
BRDA:30,1,0,0
BRDA:30,1,1,0
BRF:4
BRH:0
end_of_record
TN:
SF:src\components\EventList.jsx
FN:4,(anonymous_0)
FN:7,(anonymous_1)
FNF:2
FNH:2
FNDA:58,(anonymous_0)
FNDA:647,(anonymous_1)
DA:4,7
DA:5,58
DA:7,647
LF:3
LH:3
BRDA:7,0,0,53
BRDA:7,0,1,5
BRF:2
BRH:2
end_of_record
TN:
SF:src\components\NumberOfEvents.jsx
FN:2,(anonymous_0)
FN:5,(anonymous_1)
FN:26,(anonymous_2)
FNF:3
FNH:3
FNDA:53,(anonymous_0)
FNDA:8,(anonymous_1)
FNDA:8,(anonymous_2)
DA:2,7
DA:3,53
DA:5,53
DA:6,8
DA:7,8
DA:8,0
DA:9,0
DA:11,8
DA:12,8
DA:13,8
DA:17,53
DA:26,8
LF:12
LH:10
BRDA:7,0,0,0
BRDA:7,0,1,8
BRDA:7,1,0,8
BRDA:7,1,1,6
BRDA:7,1,2,8
BRDA:24,2,0,53
BRDA:24,2,1,4
BRDA:28,3,0,53
BRDA:28,3,1,0
BRF:9
BRH:7
end_of_record
