TN:
SF:src\App.jsx
FN:7,App
FNF:1
FNH:1
FNDA:10,App
DA:8,10
DA:10,10
LF:2
LH:2
BRF:0
BRH:0
end_of_record
TN:
SF:src\api.js
FN:12,(anonymous_0)
FN:13,(anonymous_1)
FN:23,(anonymous_2)
FNF:3
FNH:3
FNDA:2,(anonymous_0)
FNDA:70,(anonymous_1)
FNDA:15,(anonymous_2)
DA:12,3
DA:13,70
DA:14,2
DA:15,2
DA:23,3
DA:24,15
LF:6
LH:6
BRF:0
BRH:0
end_of_record
TN:
SF:src\mock-data.js
FNF:0
FNH:0
DA:3,5
LF:1
LH:1
BRF:0
BRH:0
end_of_record
TN:
SF:src\components\CitySearch.jsx
FN:4,(anonymous_0)
FN:9,(anonymous_1)
FN:11,(anonymous_2)
FN:20,(anonymous_3)
FN:33,(anonymous_4)
FN:38,(anonymous_5)
FNF:6
FNH:6
FNDA:33,(anonymous_0)
FNDA:12,(anonymous_1)
FNDA:24,(anonymous_2)
FNDA:1,(anonymous_3)
FNDA:3,(anonymous_4)
FNDA:12,(anonymous_5)
DA:4,3
DA:5,33
DA:6,33
DA:7,33
DA:9,33
DA:10,12
DA:11,12
DA:12,24
DA:16,12
DA:17,12
DA:20,33
DA:21,1
DA:22,1
DA:23,1
DA:26,33
DA:33,3
DA:39,12
LF:17
LH:17
BRDA:11,0,0,12
BRDA:11,0,1,0
BRDA:36,1,0,15
BRDA:36,1,1,18
BRF:4
BRH:3
end_of_record
TN:
SF:src\components\Event.jsx
FN:2,(anonymous_0)
FN:13,(anonymous_1)
FNF:2
FNH:2
FNDA:430,(anonymous_0)
FNDA:3,(anonymous_1)
DA:2,4
DA:3,430
DA:4,430
DA:5,430
DA:7,430
DA:13,3
LF:6
LH:6
BRDA:14,0,0,2
BRDA:14,0,1,428
BRDA:16,1,0,430
BRDA:16,1,1,2
BRF:4
BRH:4
end_of_record
TN:
SF:src\components\EventList.jsx
FN:4,(anonymous_0)
FN:7,(anonymous_1)
FNF:2
FNH:2
FNDA:18,(anonymous_0)
FNDA:419,(anonymous_1)
DA:4,3
DA:5,18
DA:7,419
LF:3
LH:3
BRDA:4,0,0,5
BRDA:7,1,0,18
BRDA:7,1,1,0
BRF:3
BRH:2
end_of_record
TN:
SF:src\components\NumberOfEvents.jsx
FN:2,(anonymous_0)
FN:12,(anonymous_1)
FNF:2
FNH:2
FNDA:13,(anonymous_0)
FNDA:4,(anonymous_1)
DA:2,2
DA:3,13
DA:12,4
LF:3
LH:3
BRF:0
BRH:0
end_of_record
